<?xml version="1.0" encoding="UTF-8"?>
<TestRun id="8ad2ba5f-9b74-4654-9218-ba936daa8a7f" name="test@PC076 2011-12-05 10:56:49" runUser="M7\test" xmlns="http://microsoft.com/schemas/VisualStudio/TeamTest/2010">
  <TestSettings name="本地" id="872e0f2e-c4b4-42e9-9da0-b7a361697768">
    <Description>这些设置为本地测试运行的默认测试设置。</Description>
    <Deployment enabled="false" runDeploymentRoot="test_PC076 2011-12-05 10_56_49" />
    <Execution>
      <TestTypeSpecific />
      <AgentRule name="Execution Agents">
      </AgentRule>
    </Execution>
  </TestSettings>
  <Times creation="2011-12-05T10:56:49.9843750+08:00" queuing="2011-12-05T10:57:00.1093750+08:00" start="2011-12-05T10:57:00.8125000+08:00" finish="2011-12-05T10:57:05.6562500+08:00" />
  <ResultSummary outcome="Completed">
    <Counters total="1" executed="1" passed="1" error="0" failed="0" timeout="0" aborted="0" inconclusive="0" passedButRunAborted="0" notRunnable="0" notExecuted="0" disconnected="0" warning="0" completed="0" inProgress="0" pending="0" />
  </ResultSummary>
  <TestDefinitions>
    <UnitTest name="TestMethod1" storage="e:\work\differences\clent02\iocpdemo\bin\debug\iocpdemo.dll" id="6fea9d96-40ee-2d97-220d-8b79caa249a5">
      <Execution id="6a22fbf3-bca6-4182-8ad3-4c42cc44040e" />
      <TestMethod codeBase="E:/work/Differences/Clent02/IOCPDemo/bin/Debug/IOCPDemo.DLL" adapterTypeName="Microsoft.VisualStudio.TestTools.TestTypes.Unit.UnitTestAdapter, Microsoft.VisualStudio.QualityTools.Tips.UnitTest.Adapter, Version=10.0.0.0, Culture=neutral, PublicKeyToken=b03f5f7f11d50a3a" className="IOCPDemo.UnitTest1, IOCPDemo, Version=1.0.0.0, Culture=neutral, PublicKeyToken=null" name="TestMethod1" />
    </UnitTest>
  </TestDefinitions>
  <TestLists>
    <TestList name="列表中未列出的结果" id="8c84fa94-04c1-424b-9868-57a2d4851a1d" />
    <TestList name="所有已加载的结果" id="19431567-8539-422a-85d7-44ee4e166bda" />
  </TestLists>
  <TestEntries>
    <TestEntry testId="6fea9d96-40ee-2d97-220d-8b79caa249a5" executionId="6a22fbf3-bca6-4182-8ad3-4c42cc44040e" testListId="8c84fa94-04c1-424b-9868-57a2d4851a1d" />
  </TestEntries>
  <Results>
    <UnitTestResult executionId="6a22fbf3-bca6-4182-8ad3-4c42cc44040e" testId="6fea9d96-40ee-2d97-220d-8b79caa249a5" testName="TestMethod1" computerName="PC076" duration="00:00:00.0579752" startTime="2011-12-05T10:57:01.5000000+08:00" endTime="2011-12-05T10:57:04.8750000+08:00" testType="13cdc9d9-ddb5-4fa4-a97d-d965ccfc6d4b" outcome="Passed" testListId="8c84fa94-04c1-424b-9868-57a2d4851a1d" relativeResultsDirectory="6a22fbf3-bca6-4182-8ad3-4c42cc44040e">
    </UnitTestResult>
  </Results>
</TestRun>